<?xml version="1.0" encoding="UTF-8"?>
<!-- Generated by org.testng.reporters.JUnitReportReporter -->
<testsuite hostname="DESKTOP-40FL62C" name="COM.STRIPE.STRIPE_API.RUNNER.RunCuke" tests="1" failures="0" timestamp="10 Oct 2019 13:26:40 GMT" time="3.292" errors="0">
  <testcase name="runScenario" time="3.292" classname="COM.STRIPE.STRIPE_API.RUNNER.RunCuke"/>
</testsuite> <!-- COM.STRIPE.STRIPE_API.RUNNER.RunCuke -->
