<?xml version="1.0" encoding="UTF-8"?>
<!-- Generated by org.testng.reporters.JUnitReportReporter -->
<testsuite hostname="DESKTOP-40FL62C" name="runner.RunCuke" tests="3" failures="0" timestamp="13 Oct 2019 15:25:49 GMT" time="5.309" errors="0">
  <testcase name="runScenario" time="0.387" classname="runner.RunCuke"/>
  <testcase name="runScenario" time="0.784" classname="runner.RunCuke"/>
  <testcase name="runScenario" time="4.138" classname="runner.RunCuke"/>
</testsuite> <!-- runner.RunCuke -->
