<?xml version="1.0" encoding="UTF-8"?>
<!-- Generated by org.testng.reporters.JUnitReportReporter -->
<testsuite hostname="DESKTOP-40FL62C" name="runner.RunCuke" tests="5" failures="0" timestamp="17 Oct 2019 11:37:34 GMT" time="6.426" errors="0">
  <testcase name="runScenario" time="0.472" classname="runner.RunCuke"/>
  <testcase name="runScenario" time="0.824" classname="runner.RunCuke"/>
  <testcase name="runScenario" time="0.790" classname="runner.RunCuke"/>
  <testcase name="runScenario" time="0.762" classname="runner.RunCuke"/>
  <testcase name="runScenario" time="3.578" classname="runner.RunCuke"/>
</testsuite> <!-- runner.RunCuke -->
