<?xml version="1.0" encoding="UTF-8"?>
<!-- Generated by org.testng.reporters.JUnitReportReporter -->
<testsuite skipped="0" hostname="DESKTOP-40FL62C" name="runner.RunCuke" tests="3" failures="0" timestamp="13 Oct 2019 17:53:50 GMT" time="6.970" errors="0">
  <testcase name="runScenario" time="5.761" classname="runner.RunCuke"/>
  <testcase name="runScenario" time="0.423" classname="runner.RunCuke"/>
  <testcase name="runScenario" time="0.786" classname="runner.RunCuke"/>
</testsuite> <!-- runner.RunCuke -->
