<?xml version="1.0" encoding="UTF-8"?>
<!-- Generated by org.testng.reporters.JUnitReportReporter -->
<testsuite skipped="0" hostname="DESKTOP-40FL62C" name="runner.RunCuke" tests="5" failures="0" timestamp="17 Oct 2019 11:38:38 GMT" time="6.326" errors="0">
  <testcase name="runScenario" time="3.595" classname="runner.RunCuke"/>
  <testcase name="runScenario" time="0.599" classname="runner.RunCuke"/>
  <testcase name="runScenario" time="0.896" classname="runner.RunCuke"/>
  <testcase name="runScenario" time="0.488" classname="runner.RunCuke"/>
  <testcase name="runScenario" time="0.748" classname="runner.RunCuke"/>
</testsuite> <!-- runner.RunCuke -->
