<?xml version="1.0" encoding="UTF-8"?>
<!-- Generated by org.testng.reporters.JUnitReportReporter -->
<testsuite skipped="0" hostname="DESKTOP-40FL62C" name="runner.RunCuke" tests="3" failures="0" timestamp="15 Oct 2019 07:29:01 GMT" time="8.046" errors="0">
  <testcase name="runScenario" time="5.030" classname="runner.RunCuke"/>
  <testcase name="runScenario" time="0.468" classname="runner.RunCuke"/>
  <testcase name="runScenario" time="2.548" classname="runner.RunCuke"/>
</testsuite> <!-- runner.RunCuke -->
